<?xml version="1.0" encoding="UTF-8"?>
<!-- Generated by org.testng.reporters.JUnitXMLReporter -->
<testsuite ignored="0" hostname="Gilberts-MacBook-Pro.local" failures="1" tests="2" name="Sauce Test Chrome" time="23.234" errors="0" timestamp="2022-08-28T07:11:15 PDT">
  <testcase classname="com.company.qa.couldtest.SauceLabsDemo" name="amazonTitleTest" time="4.175"/>
  <testcase classname="com.company.qa.couldtest.SauceLabsDemo" name="ebayTitleTest" time="3.375">
    <failure type="java.lang.AssertionError" message="expected [Amazon.com. Spend less. Smile more.] but found [Electronics, Cars, Fashion, Collectibles &amp;amp; More | eBay]">
      <![CDATA[java.lang.AssertionError: expected [Amazon.com. Spend less. Smile more.] but found [Electronics, Cars, Fashion, Collectibles & More | eBay]
at com.company.qa.couldtest.SauceLabsDemo.ebayTitleTest(SauceLabsDemo.java:95)
at java.base/java.util.ArrayList.forEach(ArrayList.java:1541)
... Removed 33 stack frames]]>
    </failure>
  </testcase> <!-- ebayTitleTest -->
</testsuite> <!-- Sauce Test Chrome -->
