<?xml version="1.0" encoding="UTF-8"?>
<testng-results ignored="0" total="4" passed="2" failed="2" skipped="0">
  <reporter-output>
  </reporter-output>
  <suite started-at="2022-08-28T07:10:19 PDT" name="Suite" finished-at="2022-08-28T07:11:15 PDT" duration-ms="55685">
    <groups>
    </groups>
    <test started-at="2022-08-28T07:10:19 PDT" name="Sauce Test FF" finished-at="2022-08-28T07:10:51 PDT" duration-ms="32427">
      <class name="com.company.qa.couldtest.SauceLabsDemo">
        <test-method is-config="true" signature="setUp(java.lang.String, java.lang.String, java.lang.String, java.lang.reflect.Method)[pri:0, instance:com.company.qa.couldtest.SauceLabsDemo@266374ef]" started-at="2022-08-28T07:10:19 PDT" name="setUp" finished-at="2022-08-28T07:10:29 PDT" duration-ms="10534" status="PASS">
          <params>
            <param index="0">
              <value>
                <![CDATA[firefox]]>
              </value>
            </param>
            <param index="1">
              <value>
                <![CDATA[windows 11]]>
              </value>
            </param>
            <param index="2">
              <value>
                <![CDATA[latest]]>
              </value>
            </param>
            <param index="3">
              <value>
                <![CDATA[public void com.company.qa.couldtest.SauceLabsDemo.amazonTitleTest()]]>
              </value>
            </param>
          </params>
          <reporter-output>
          </reporter-output>
        </test-method> <!-- setUp -->
        <test-method signature="amazonTitleTest()[pri:0, instance:com.company.qa.couldtest.SauceLabsDemo@266374ef]" started-at="2022-08-28T07:10:30 PDT" name="amazonTitleTest" finished-at="2022-08-28T07:10:34 PDT" duration-ms="4866" status="PASS">
          <reporter-output>
          </reporter-output>
        </test-method> <!-- amazonTitleTest -->
        <test-method is-config="true" signature="tearDown()[pri:0, instance:com.company.qa.couldtest.SauceLabsDemo@266374ef]" started-at="2022-08-28T07:10:34 PDT" name="tearDown" finished-at="2022-08-28T07:10:35 PDT" duration-ms="475" status="PASS">
          <reporter-output>
          </reporter-output>
        </test-method> <!-- tearDown -->
        <test-method is-config="true" signature="setUp(java.lang.String, java.lang.String, java.lang.String, java.lang.reflect.Method)[pri:0, instance:com.company.qa.couldtest.SauceLabsDemo@266374ef]" started-at="2022-08-28T07:10:35 PDT" name="setUp" finished-at="2022-08-28T07:10:46 PDT" duration-ms="10769" status="PASS">
          <params>
            <param index="0">
              <value>
                <![CDATA[firefox]]>
              </value>
            </param>
            <param index="1">
              <value>
                <![CDATA[windows 11]]>
              </value>
            </param>
            <param index="2">
              <value>
                <![CDATA[latest]]>
              </value>
            </param>
            <param index="3">
              <value>
                <![CDATA[public void com.company.qa.couldtest.SauceLabsDemo.ebayTitleTest()]]>
              </value>
            </param>
          </params>
          <reporter-output>
          </reporter-output>
        </test-method> <!-- setUp -->
        <test-method signature="ebayTitleTest()[pri:1, instance:com.company.qa.couldtest.SauceLabsDemo@266374ef]" started-at="2022-08-28T07:10:46 PDT" name="ebayTitleTest" finished-at="2022-08-28T07:10:51 PDT" duration-ms="5014" status="FAIL">
          <exception class="java.lang.AssertionError">
            <message>
              <![CDATA[expected [Amazon.com. Spend less. Smile more.] but found [Electronics, Cars, Fashion, Collectibles & More | eBay]]]>
            </message>
            <full-stacktrace>
              <![CDATA[java.lang.AssertionError: expected [Amazon.com. Spend less. Smile more.] but found [Electronics, Cars, Fashion, Collectibles & More | eBay]
at org.testng.Assert.fail(Assert.java:99)
at org.testng.Assert.failNotEquals(Assert.java:1037)
at org.testng.Assert.assertEqualsImpl(Assert.java:140)
at org.testng.Assert.assertEquals(Assert.java:122)
at org.testng.Assert.assertEquals(Assert.java:629)
at org.testng.Assert.assertEquals(Assert.java:639)
at com.company.qa.couldtest.SauceLabsDemo.ebayTitleTest(SauceLabsDemo.java:95)
at java.base/jdk.internal.reflect.NativeMethodAccessorImpl.invoke0(Native Method)
at java.base/jdk.internal.reflect.NativeMethodAccessorImpl.invoke(NativeMethodAccessorImpl.java:62)
at java.base/jdk.internal.reflect.DelegatingMethodAccessorImpl.invoke(DelegatingMethodAccessorImpl.java:43)
at java.base/java.lang.reflect.Method.invoke(Method.java:566)
at org.testng.internal.MethodInvocationHelper.invokeMethod(MethodInvocationHelper.java:132)
at org.testng.internal.TestInvoker.invokeMethod(TestInvoker.java:599)
at org.testng.internal.TestInvoker.invokeTestMethod(TestInvoker.java:174)
at org.testng.internal.MethodRunner.runInSequence(MethodRunner.java:46)
at org.testng.internal.TestInvoker$MethodInvocationAgent.invoke(TestInvoker.java:822)
at org.testng.internal.TestInvoker.invokeTestMethods(TestInvoker.java:147)
at org.testng.internal.TestMethodWorker.invokeTestMethods(TestMethodWorker.java:146)
at org.testng.internal.TestMethodWorker.run(TestMethodWorker.java:128)
at java.base/java.util.ArrayList.forEach(ArrayList.java:1541)
at org.testng.TestRunner.privateRun(TestRunner.java:764)
at org.testng.TestRunner.run(TestRunner.java:585)
at org.testng.SuiteRunner.runTest(SuiteRunner.java:384)
at org.testng.SuiteRunner.runSequentially(SuiteRunner.java:378)
at org.testng.SuiteRunner.privateRun(SuiteRunner.java:337)
at org.testng.SuiteRunner.run(SuiteRunner.java:286)
at org.testng.SuiteRunnerWorker.runSuite(SuiteRunnerWorker.java:53)
at org.testng.SuiteRunnerWorker.run(SuiteRunnerWorker.java:96)
at org.testng.TestNG.runSuitesSequentially(TestNG.java:1218)
at org.testng.TestNG.runSuitesLocally(TestNG.java:1140)
at org.testng.TestNG.runSuites(TestNG.java:1069)
at org.testng.TestNG.run(TestNG.java:1037)
at org.testng.remote.AbstractRemoteTestNG.run(AbstractRemoteTestNG.java:115)
at org.testng.remote.RemoteTestNG.initAndRun(RemoteTestNG.java:251)
at org.testng.remote.RemoteTestNG.main(RemoteTestNG.java:77)
]]>
            </full-stacktrace>
          </exception> <!-- java.lang.AssertionError -->
          <reporter-output>
          </reporter-output>
        </test-method> <!-- ebayTitleTest -->
        <test-method is-config="true" signature="tearDown()[pri:0, instance:com.company.qa.couldtest.SauceLabsDemo@266374ef]" started-at="2022-08-28T07:10:51 PDT" name="tearDown" finished-at="2022-08-28T07:10:51 PDT" duration-ms="606" status="PASS">
          <reporter-output>
          </reporter-output>
        </test-method> <!-- tearDown -->
      </class> <!-- com.company.qa.couldtest.SauceLabsDemo -->
    </test> <!-- Sauce Test FF -->
    <test started-at="2022-08-28T07:10:51 PDT" name="Sauce Test Chrome" finished-at="2022-08-28T07:11:15 PDT" duration-ms="23234">
      <class name="com.company.qa.couldtest.SauceLabsDemo">
        <test-method is-config="true" signature="setUp(java.lang.String, java.lang.String, java.lang.String, java.lang.reflect.Method)[pri:0, instance:com.company.qa.couldtest.SauceLabsDemo@421e361]" started-at="2022-08-28T07:10:51 PDT" name="setUp" finished-at="2022-08-28T07:10:59 PDT" duration-ms="7481" status="PASS">
          <params>
            <param index="0">
              <value>
                <![CDATA[chrome]]>
              </value>
            </param>
            <param index="1">
              <value>
                <![CDATA[macOS 10.15]]>
              </value>
            </param>
            <param index="2">
              <value>
                <![CDATA[latest]]>
              </value>
            </param>
            <param index="3">
              <value>
                <![CDATA[public void com.company.qa.couldtest.SauceLabsDemo.amazonTitleTest()]]>
              </value>
            </param>
          </params>
          <reporter-output>
          </reporter-output>
        </test-method> <!-- setUp -->
        <test-method signature="amazonTitleTest()[pri:0, instance:com.company.qa.couldtest.SauceLabsDemo@421e361]" started-at="2022-08-28T07:10:59 PDT" name="amazonTitleTest" finished-at="2022-08-28T07:11:03 PDT" duration-ms="4175" status="PASS">
          <reporter-output>
          </reporter-output>
        </test-method> <!-- amazonTitleTest -->
        <test-method is-config="true" signature="tearDown()[pri:0, instance:com.company.qa.couldtest.SauceLabsDemo@421e361]" started-at="2022-08-28T07:11:03 PDT" name="tearDown" finished-at="2022-08-28T07:11:03 PDT" duration-ms="423" status="PASS">
          <reporter-output>
          </reporter-output>
        </test-method> <!-- tearDown -->
        <test-method is-config="true" signature="setUp(java.lang.String, java.lang.String, java.lang.String, java.lang.reflect.Method)[pri:0, instance:com.company.qa.couldtest.SauceLabsDemo@421e361]" started-at="2022-08-28T07:11:03 PDT" name="setUp" finished-at="2022-08-28T07:11:11 PDT" duration-ms="7331" status="PASS">
          <params>
            <param index="0">
              <value>
                <![CDATA[chrome]]>
              </value>
            </param>
            <param index="1">
              <value>
                <![CDATA[macOS 10.15]]>
              </value>
            </param>
            <param index="2">
              <value>
                <![CDATA[latest]]>
              </value>
            </param>
            <param index="3">
              <value>
                <![CDATA[public void com.company.qa.couldtest.SauceLabsDemo.ebayTitleTest()]]>
              </value>
            </param>
          </params>
          <reporter-output>
          </reporter-output>
        </test-method> <!-- setUp -->
        <test-method signature="ebayTitleTest()[pri:1, instance:com.company.qa.couldtest.SauceLabsDemo@421e361]" started-at="2022-08-28T07:11:11 PDT" name="ebayTitleTest" finished-at="2022-08-28T07:11:14 PDT" duration-ms="3375" status="FAIL">
          <exception class="java.lang.AssertionError">
            <message>
              <![CDATA[expected [Amazon.com. Spend less. Smile more.] but found [Electronics, Cars, Fashion, Collectibles & More | eBay]]]>
            </message>
            <full-stacktrace>
              <![CDATA[java.lang.AssertionError: expected [Amazon.com. Spend less. Smile more.] but found [Electronics, Cars, Fashion, Collectibles & More | eBay]
at org.testng.Assert.fail(Assert.java:99)
at org.testng.Assert.failNotEquals(Assert.java:1037)
at org.testng.Assert.assertEqualsImpl(Assert.java:140)
at org.testng.Assert.assertEquals(Assert.java:122)
at org.testng.Assert.assertEquals(Assert.java:629)
at org.testng.Assert.assertEquals(Assert.java:639)
at com.company.qa.couldtest.SauceLabsDemo.ebayTitleTest(SauceLabsDemo.java:95)
at java.base/jdk.internal.reflect.NativeMethodAccessorImpl.invoke0(Native Method)
at java.base/jdk.internal.reflect.NativeMethodAccessorImpl.invoke(NativeMethodAccessorImpl.java:62)
at java.base/jdk.internal.reflect.DelegatingMethodAccessorImpl.invoke(DelegatingMethodAccessorImpl.java:43)
at java.base/java.lang.reflect.Method.invoke(Method.java:566)
at org.testng.internal.MethodInvocationHelper.invokeMethod(MethodInvocationHelper.java:132)
at org.testng.internal.TestInvoker.invokeMethod(TestInvoker.java:599)
at org.testng.internal.TestInvoker.invokeTestMethod(TestInvoker.java:174)
at org.testng.internal.MethodRunner.runInSequence(MethodRunner.java:46)
at org.testng.internal.TestInvoker$MethodInvocationAgent.invoke(TestInvoker.java:822)
at org.testng.internal.TestInvoker.invokeTestMethods(TestInvoker.java:147)
at org.testng.internal.TestMethodWorker.invokeTestMethods(TestMethodWorker.java:146)
at org.testng.internal.TestMethodWorker.run(TestMethodWorker.java:128)
at java.base/java.util.ArrayList.forEach(ArrayList.java:1541)
at org.testng.TestRunner.privateRun(TestRunner.java:764)
at org.testng.TestRunner.run(TestRunner.java:585)
at org.testng.SuiteRunner.runTest(SuiteRunner.java:384)
at org.testng.SuiteRunner.runSequentially(SuiteRunner.java:378)
at org.testng.SuiteRunner.privateRun(SuiteRunner.java:337)
at org.testng.SuiteRunner.run(SuiteRunner.java:286)
at org.testng.SuiteRunnerWorker.runSuite(SuiteRunnerWorker.java:53)
at org.testng.SuiteRunnerWorker.run(SuiteRunnerWorker.java:96)
at org.testng.TestNG.runSuitesSequentially(TestNG.java:1218)
at org.testng.TestNG.runSuitesLocally(TestNG.java:1140)
at org.testng.TestNG.runSuites(TestNG.java:1069)
at org.testng.TestNG.run(TestNG.java:1037)
at org.testng.remote.AbstractRemoteTestNG.run(AbstractRemoteTestNG.java:115)
at org.testng.remote.RemoteTestNG.initAndRun(RemoteTestNG.java:251)
at org.testng.remote.RemoteTestNG.main(RemoteTestNG.java:77)
]]>
            </full-stacktrace>
          </exception> <!-- java.lang.AssertionError -->
          <reporter-output>
          </reporter-output>
        </test-method> <!-- ebayTitleTest -->
        <test-method is-config="true" signature="tearDown()[pri:0, instance:com.company.qa.couldtest.SauceLabsDemo@421e361]" started-at="2022-08-28T07:11:14 PDT" name="tearDown" finished-at="2022-08-28T07:11:15 PDT" duration-ms="437" status="PASS">
          <reporter-output>
          </reporter-output>
        </test-method> <!-- tearDown -->
      </class> <!-- com.company.qa.couldtest.SauceLabsDemo -->
    </test> <!-- Sauce Test Chrome -->
  </suite> <!-- Suite -->
</testng-results>
